Build started 4/4/2017 4:06:35 PM.
     1>Project "D:\Users\monst\Desktop\SHM-Learn\local_machine_workspace\single_node_mnist\ConvNet\ConvNet.vcxproj" on node 2 (Rebuild target(s)).
     1>_PrepareForClean:
         Deleting file "x64\Debug\ConvNet.tlog\ConvNet.lastbuildstate".
       CudaClean:
         cmd.exe /C "C:\Users\monst\AppData\Local\Temp\tmp37f66241eb8e43d085ce1eefbbd385d1.cmd"
         "C:\Program Files\NVIDIA GPU Computing Toolkit\CUDA\v8.0\bin\nvcc.exe" -ccbin "C:\Program Files (x86)\Microsoft Visual Studio 14.0\VC\bin\x86_amd64"  -I"C:\Program Files\NVIDIA GPU Computing Toolkit\CUDA\v8.0\include" -I"C:\Program Files\NVIDIA GPU Computing Toolkit\CUDA\v8.0\include"  -G   --keep-dir x64\Debug -maxrregcount=0  --machine 64 --compile   -g   -D_DEBUG -D_CONSOLE -D_UNICODE -DUNICODE -Xcompiler "/EHsc /W3 /nologo /Od /FS /Zi /RTC1 /MDd " -o x64\Debug\ConvLayer.cu.obj "D:\Users\monst\Desktop\SHM-Learn\local_machine_workspace\single_node_mnist\ConvNet\ConvLayer.cu" -clean
         
         D:\Users\monst\Desktop\SHM-Learn\local_machine_workspace\single_node_mnist\ConvNet>"C:\Program Files\NVIDIA GPU Computing Toolkit\CUDA\v8.0\bin\nvcc.exe" -ccbin "C:\Program Files (x86)\Microsoft Visual Studio 14.0\VC\bin\x86_amd64"  -I"C:\Program Files\NVIDIA GPU Computing Toolkit\CUDA\v8.0\include" -I"C:\Program Files\NVIDIA GPU Computing Toolkit\CUDA\v8.0\include"  -G   --keep-dir x64\Debug -maxrregcount=0  --machine 64 --compile   -g   -D_DEBUG -D_CONSOLE -D_UNICODE -DUNICODE -Xcompiler "/EHsc /W3 /nologo /Od /FS /Zi /RTC1 /MDd " -o x64\Debug\ConvLayer.cu.obj "D:\Users\monst\Desktop\SHM-Learn\local_machine_workspace\single_node_mnist\ConvNet\ConvLayer.cu" -clean 
     1>CUDACOMPILE : nvcc warning : The 'compute_20', 'sm_20', and 'sm_21' architectures are deprecated, and may be removed in a future release (Use -Wno-deprecated-gpu-targets to suppress warning).
         ConvLayer.cu
         Deleting file "x64\Debug\ConvLayer.cu.deps".
       CudaClean:
         cmd.exe /C "C:\Users\monst\AppData\Local\Temp\tmpf49ae11f6fd34a238edba64ff45352e4.cmd"
         "C:\Program Files\NVIDIA GPU Computing Toolkit\CUDA\v8.0\bin\nvcc.exe" -ccbin "C:\Program Files (x86)\Microsoft Visual Studio 14.0\VC\bin\x86_amd64"  -I"C:\Program Files\NVIDIA GPU Computing Toolkit\CUDA\v8.0\include" -I"C:\Program Files\NVIDIA GPU Computing Toolkit\CUDA\v8.0\include"  -G   --keep-dir x64\Debug -maxrregcount=0  --machine 64 --compile   -g   -D_DEBUG -D_CONSOLE -D_UNICODE -DUNICODE -Xcompiler "/EHsc /W3 /nologo /Od /FS /Zi /RTC1 /MDd " -o x64\Debug\FCLayer.cu.obj "D:\Users\monst\Desktop\SHM-Learn\local_machine_workspace\single_node_mnist\ConvNet\FCLayer.cu" -clean
         
         D:\Users\monst\Desktop\SHM-Learn\local_machine_workspace\single_node_mnist\ConvNet>"C:\Program Files\NVIDIA GPU Computing Toolkit\CUDA\v8.0\bin\nvcc.exe" -ccbin "C:\Program Files (x86)\Microsoft Visual Studio 14.0\VC\bin\x86_amd64"  -I"C:\Program Files\NVIDIA GPU Computing Toolkit\CUDA\v8.0\include" -I"C:\Program Files\NVIDIA GPU Computing Toolkit\CUDA\v8.0\include"  -G   --keep-dir x64\Debug -maxrregcount=0  --machine 64 --compile   -g   -D_DEBUG -D_CONSOLE -D_UNICODE -DUNICODE -Xcompiler "/EHsc /W3 /nologo /Od /FS /Zi /RTC1 /MDd " -o x64\Debug\FCLayer.cu.obj "D:\Users\monst\Desktop\SHM-Learn\local_machine_workspace\single_node_mnist\ConvNet\FCLayer.cu" -clean 
     1>CUDACOMPILE : nvcc warning : The 'compute_20', 'sm_20', and 'sm_21' architectures are deprecated, and may be removed in a future release (Use -Wno-deprecated-gpu-targets to suppress warning).
         FCLayer.cu
         Deleting file "x64\Debug\FCLayer.cu.deps".
       InitializeBuildStatus:
         Creating "x64\Debug\ConvNet.tlog\unsuccessfulbuild" because "AlwaysCreate" was specified.
       AddCudaCompileDeps:
         C:\Program Files (x86)\Microsoft Visual Studio 14.0\VC\bin\x86_amd64\cl.exe /E /nologo /showIncludes /TP /D__CUDACC__ /D_DEBUG /D_CONSOLE /D_UNICODE /DUNICODE /I"C:\Program Files\NVIDIA GPU Computing Toolkit\CUDA\v8.0\include" /I"C:\Program Files\NVIDIA GPU Computing Toolkit\CUDA\v8.0\bin" /I"C:\Program Files\NVIDIA GPU Computing Toolkit\CUDA\v8.0\include" /I. /FIcuda_runtime.h /c D:\Users\monst\Desktop\SHM-Learn\local_machine_workspace\single_node_mnist\ConvNet\ConvLayer.cu 
       AddCudaCompileDeps:
         C:\Program Files (x86)\Microsoft Visual Studio 14.0\VC\bin\x86_amd64\cl.exe /E /nologo /showIncludes /TP /D__CUDACC__ /D_DEBUG /D_CONSOLE /D_UNICODE /DUNICODE /I"C:\Program Files\NVIDIA GPU Computing Toolkit\CUDA\v8.0\include" /I"C:\Program Files\NVIDIA GPU Computing Toolkit\CUDA\v8.0\bin" /I"C:\Program Files\NVIDIA GPU Computing Toolkit\CUDA\v8.0\include" /I. /FIcuda_runtime.h /c D:\Users\monst\Desktop\SHM-Learn\local_machine_workspace\single_node_mnist\ConvNet\FCLayer.cu 
     1>Project "D:\Users\monst\Desktop\SHM-Learn\local_machine_workspace\single_node_mnist\ConvNet\ConvNet.vcxproj" (1) is building "D:\Users\monst\Desktop\SHM-Learn\local_machine_workspace\single_node_mnist\ConvNet\ConvNet.vcxproj" (1:2) on node 2 (CudaBuildCore target(s)).
     1>CudaBuildCore:
         Compiling CUDA source file ConvLayer.cu...
     1>Project "D:\Users\monst\Desktop\SHM-Learn\local_machine_workspace\single_node_mnist\ConvNet\ConvNet.vcxproj" (1) is building "D:\Users\monst\Desktop\SHM-Learn\local_machine_workspace\single_node_mnist\ConvNet\ConvNet.vcxproj" (1:3) on node 1 (CudaBuildCore target(s)).
     1>CudaBuildCore:
         Compiling CUDA source file FCLayer.cu...
     1>CudaBuildCore:
         cmd.exe /C "C:\Users\monst\AppData\Local\Temp\tmpe72bee413c0b4b1f9c14af38a6ee8ac1.cmd"
         "C:\Program Files\NVIDIA GPU Computing Toolkit\CUDA\v8.0\bin\nvcc.exe" -gencode=arch=compute_20,code=\"sm_20,compute_20\" --use-local-env --cl-version 2015 -ccbin "C:\Program Files (x86)\Microsoft Visual Studio 14.0\VC\bin\x86_amd64"  -I"C:\Program Files\NVIDIA GPU Computing Toolkit\CUDA\v8.0\include" -I"C:\Program Files\NVIDIA GPU Computing Toolkit\CUDA\v8.0\include"  -G   --keep-dir x64\Debug -maxrregcount=0  --machine 64 --compile -cudart static  -g   -D_DEBUG -D_CONSOLE -D_UNICODE -DUNICODE -Xcompiler "/EHsc /W3 /nologo /Od /FS /Zi /RTC1 /MDd " -o x64\Debug\ConvLayer.cu.obj "D:\Users\monst\Desktop\SHM-Learn\local_machine_workspace\single_node_mnist\ConvNet\ConvLayer.cu"
         
         D:\Users\monst\Desktop\SHM-Learn\local_machine_workspace\single_node_mnist\ConvNet>"C:\Program Files\NVIDIA GPU Computing Toolkit\CUDA\v8.0\bin\nvcc.exe" -gencode=arch=compute_20,code=\"sm_20,compute_20\" --use-local-env --cl-version 2015 -ccbin "C:\Program Files (x86)\Microsoft Visual Studio 14.0\VC\bin\x86_amd64"  -I"C:\Program Files\NVIDIA GPU Computing Toolkit\CUDA\v8.0\include" -I"C:\Program Files\NVIDIA GPU Computing Toolkit\CUDA\v8.0\include"  -G   --keep-dir x64\Debug -maxrregcount=0  --machine 64 --compile -cudart static  -g   -D_DEBUG -D_CONSOLE -D_UNICODE -DUNICODE -Xcompiler "/EHsc /W3 /nologo /Od /FS /Zi /RTC1 /MDd " -o x64\Debug\ConvLayer.cu.obj "D:\Users\monst\Desktop\SHM-Learn\local_machine_workspace\single_node_mnist\ConvNet\ConvLayer.cu" 
     1>CudaBuildCore:
         cmd.exe /C "C:\Users\monst\AppData\Local\Temp\tmp18958b87ecfc442aa93308797571d1f5.cmd"
         "C:\Program Files\NVIDIA GPU Computing Toolkit\CUDA\v8.0\bin\nvcc.exe" -gencode=arch=compute_20,code=\"sm_20,compute_20\" --use-local-env --cl-version 2015 -ccbin "C:\Program Files (x86)\Microsoft Visual Studio 14.0\VC\bin\x86_amd64"  -I"C:\Program Files\NVIDIA GPU Computing Toolkit\CUDA\v8.0\include" -I"C:\Program Files\NVIDIA GPU Computing Toolkit\CUDA\v8.0\include"  -G   --keep-dir x64\Debug -maxrregcount=0  --machine 64 --compile -cudart static  -g   -D_DEBUG -D_CONSOLE -D_UNICODE -DUNICODE -Xcompiler "/EHsc /W3 /nologo /Od /FS /Zi /RTC1 /MDd " -o x64\Debug\FCLayer.cu.obj "D:\Users\monst\Desktop\SHM-Learn\local_machine_workspace\single_node_mnist\ConvNet\FCLayer.cu"
         
         D:\Users\monst\Desktop\SHM-Learn\local_machine_workspace\single_node_mnist\ConvNet>"C:\Program Files\NVIDIA GPU Computing Toolkit\CUDA\v8.0\bin\nvcc.exe" -gencode=arch=compute_20,code=\"sm_20,compute_20\" --use-local-env --cl-version 2015 -ccbin "C:\Program Files (x86)\Microsoft Visual Studio 14.0\VC\bin\x86_amd64"  -I"C:\Program Files\NVIDIA GPU Computing Toolkit\CUDA\v8.0\include" -I"C:\Program Files\NVIDIA GPU Computing Toolkit\CUDA\v8.0\include"  -G   --keep-dir x64\Debug -maxrregcount=0  --machine 64 --compile -cudart static  -g   -D_DEBUG -D_CONSOLE -D_UNICODE -DUNICODE -Xcompiler "/EHsc /W3 /nologo /Od /FS /Zi /RTC1 /MDd " -o x64\Debug\FCLayer.cu.obj "D:\Users\monst\Desktop\SHM-Learn\local_machine_workspace\single_node_mnist\ConvNet\FCLayer.cu" 
     1>CUDACOMPILE : nvcc warning : The 'compute_20', 'sm_20', and 'sm_21' architectures are deprecated, and may be removed in a future release (Use -Wno-deprecated-gpu-targets to suppress warning).
         ConvLayer.cu
     1>CUDACOMPILE : nvcc warning : The 'compute_20', 'sm_20', and 'sm_21' architectures are deprecated, and may be removed in a future release (Use -Wno-deprecated-gpu-targets to suppress warning).
         FCLayer.cu
     1>D:/Users/monst/Desktop/SHM-Learn/local_machine_workspace/single_node_mnist/ConvNet/ConvLayer.cu(8): warning C4244: 'return': conversion from 'float' to 'int', possible loss of data
     1>D:/Users/monst/Desktop/SHM-Learn/local_machine_workspace/single_node_mnist/ConvNet/ConvLayer.cu(22): warning C4244: 'argument': conversion from 'int' to 'float', possible loss of data
     1>Done Building Project "D:\Users\monst\Desktop\SHM-Learn\local_machine_workspace\single_node_mnist\ConvNet\ConvNet.vcxproj" (CudaBuildCore target(s)).
     1>D:/Users/monst/Desktop/SHM-Learn/local_machine_workspace/single_node_mnist/ConvNet/FCLayer.cu(43): warning C4244: 'return': conversion from 'float' to 'int', possible loss of data
     1>D:/Users/monst/Desktop/SHM-Learn/local_machine_workspace/single_node_mnist/ConvNet/FCLayer.cu(251): warning C4244: 'argument': conversion from 'int' to 'float', possible loss of data
     1>D:/Users/monst/Desktop/SHM-Learn/local_machine_workspace/single_node_mnist/ConvNet/FCLayer.cu(252): warning C4244: 'argument': conversion from 'int' to 'float', possible loss of data
     1>D:/Users/monst/Desktop/SHM-Learn/local_machine_workspace/single_node_mnist/ConvNet/FCLayer.cu(257): warning C4244: 'argument': conversion from 'int' to 'float', possible loss of data
     1>D:/Users/monst/Desktop/SHM-Learn/local_machine_workspace/single_node_mnist/ConvNet/FCLayer.cu(258): warning C4244: 'argument': conversion from 'int' to 'float', possible loss of data
     1>D:/Users/monst/Desktop/SHM-Learn/local_machine_workspace/single_node_mnist/ConvNet/FCLayer.cu(325): warning C4244: 'argument': conversion from 'int' to 'float', possible loss of data
     1>D:/Users/monst/Desktop/SHM-Learn/local_machine_workspace/single_node_mnist/ConvNet/FCLayer.cu(326): warning C4244: 'argument': conversion from 'int' to 'float', possible loss of data
     1>D:/Users/monst/Desktop/SHM-Learn/local_machine_workspace/single_node_mnist/ConvNet/FCLayer.cu(331): warning C4244: 'argument': conversion from 'int' to 'float', possible loss of data
     1>D:/Users/monst/Desktop/SHM-Learn/local_machine_workspace/single_node_mnist/ConvNet/FCLayer.cu(332): warning C4244: 'argument': conversion from 'int' to 'float', possible loss of data
     1>D:/Users/monst/Desktop/SHM-Learn/local_machine_workspace/single_node_mnist/ConvNet/FCLayer.cu(359): warning C4244: 'argument': conversion from 'int' to 'float', possible loss of data
     1>D:/Users/monst/Desktop/SHM-Learn/local_machine_workspace/single_node_mnist/ConvNet/FCLayer.cu(366): warning C4244: 'argument': conversion from 'int' to 'float', possible loss of data
     1>D:/Users/monst/Desktop/SHM-Learn/local_machine_workspace/single_node_mnist/ConvNet/FCLayer.cu(374): warning C4244: 'argument': conversion from 'int' to 'float', possible loss of data
     1>D:/Users/monst/Desktop/SHM-Learn/local_machine_workspace/single_node_mnist/ConvNet/FCLayer.cu(382): warning C4244: 'argument': conversion from 'int' to 'float', possible loss of data
     1>D:/Users/monst/Desktop/SHM-Learn/local_machine_workspace/single_node_mnist/ConvNet/FCLayer.cu(390): warning C4244: 'argument': conversion from 'int' to 'float', possible loss of data
     1>D:/Users/monst/Desktop/SHM-Learn/local_machine_workspace/single_node_mnist/ConvNet/FCLayer.cu(398): warning C4244: 'argument': conversion from 'int' to 'float', possible loss of data
     1>D:/Users/monst/Desktop/SHM-Learn/local_machine_workspace/single_node_mnist/ConvNet/FCLayer.cu(406): warning C4244: 'argument': conversion from 'int' to 'float', possible loss of data
     1>D:/Users/monst/Desktop/SHM-Learn/local_machine_workspace/single_node_mnist/ConvNet/FCLayer.cu(419): warning C4244: 'argument': conversion from 'int' to 'float', possible loss of data
     1>D:/Users/monst/Desktop/SHM-Learn/local_machine_workspace/single_node_mnist/ConvNet/FCLayer.cu(433): warning C4244: 'argument': conversion from 'int' to 'float', possible loss of data
     1>D:/Users/monst/Desktop/SHM-Learn/local_machine_workspace/single_node_mnist/ConvNet/FCLayer.cu(449): warning C4244: 'argument': conversion from 'int' to 'float', possible loss of data
     1>D:/Users/monst/Desktop/SHM-Learn/local_machine_workspace/single_node_mnist/ConvNet/FCLayer.cu(461): warning C4244: 'argument': conversion from 'int' to 'float', possible loss of data
     1>D:/Users/monst/Desktop/SHM-Learn/local_machine_workspace/single_node_mnist/ConvNet/FCLayer.cu(473): warning C4244: 'argument': conversion from 'int' to 'float', possible loss of data
     1>Done Building Project "D:\Users\monst\Desktop\SHM-Learn\local_machine_workspace\single_node_mnist\ConvNet\ConvNet.vcxproj" (CudaBuildCore target(s)).
     1>ClCompile:
         C:\Program Files (x86)\Microsoft Visual Studio 14.0\VC\bin\x86_amd64\CL.exe /c /I"C:\Program Files\NVIDIA GPU Computing Toolkit\CUDA\v8.0\include" /ZI /nologo /W3 /WX- /Od /D _DEBUG /D _CONSOLE /D _UNICODE /D UNICODE /Gm /EHsc /RTC1 /MDd /GS /Qpar- /fp:precise /Zc:wchar_t /Zc:forScope /Zc:inline /openmp /Fo"x64\Debug\\" /Fd"x64\Debug\vc140.pdb" /Gd /TP /errorReport:prompt ConvLayer.cpp main.cpp FCLayer.cpp
         FCLayer.cpp
     1>d:\users\monst\desktop\shm-learn\local_machine_workspace\single_node_mnist\convnet\fclayer.cpp(115): warning C4244: '=': conversion from 'double' to 'int', possible loss of data
     1>d:\users\monst\desktop\shm-learn\local_machine_workspace\single_node_mnist\convnet\fclayer.cpp(150): warning C4244: '=': conversion from 'double' to 'float', possible loss of data
     1>d:\users\monst\desktop\shm-learn\local_machine_workspace\single_node_mnist\convnet\fclayer.cpp(525): warning C4838: conversion from 'double' to 'float' requires a narrowing conversion
     1>d:\users\monst\desktop\shm-learn\local_machine_workspace\single_node_mnist\convnet\fclayer.cpp(525): warning C4305: 'initializing': truncation from 'double' to 'float'
         main.cpp
     1>d:\users\monst\desktop\shm-learn\local_machine_workspace\single_node_mnist\convnet\main.cpp(135): warning C4101: 'start_idx': unreferenced local variable
     1>d:\users\monst\desktop\shm-learn\local_machine_workspace\single_node_mnist\convnet\main.cpp(159): warning C4101: 'start_idx': unreferenced local variable
     1>d:\users\monst\desktop\shm-learn\local_machine_workspace\single_node_mnist\convnet\main.cpp(199): warning C4244: 'return': conversion from 'float' to 'int', possible loss of data
     1>d:\users\monst\desktop\shm-learn\local_machine_workspace\single_node_mnist\convnet\main.cpp(239): warning C4996: 'fopen': This function or variable may be unsafe. Consider using fopen_s instead. To disable deprecation, use _CRT_SECURE_NO_WARNINGS. See online help for details.
         c:\program files (x86)\windows kits\10\include\10.0.10240.0\ucrt\stdio.h(205): note: see declaration of 'fopen'
     1>d:\users\monst\desktop\shm-learn\local_machine_workspace\single_node_mnist\convnet\main.cpp(240): warning C4996: 'fopen': This function or variable may be unsafe. Consider using fopen_s instead. To disable deprecation, use _CRT_SECURE_NO_WARNINGS. See online help for details.
         c:\program files (x86)\windows kits\10\include\10.0.10240.0\ucrt\stdio.h(205): note: see declaration of 'fopen'
     1>d:\users\monst\desktop\shm-learn\local_machine_workspace\single_node_mnist\convnet\main.cpp(242): warning C4996: 'fopen': This function or variable may be unsafe. Consider using fopen_s instead. To disable deprecation, use _CRT_SECURE_NO_WARNINGS. See online help for details.
         c:\program files (x86)\windows kits\10\include\10.0.10240.0\ucrt\stdio.h(205): note: see declaration of 'fopen'
     1>d:\users\monst\desktop\shm-learn\local_machine_workspace\single_node_mnist\convnet\main.cpp(243): warning C4996: 'fopen': This function or variable may be unsafe. Consider using fopen_s instead. To disable deprecation, use _CRT_SECURE_NO_WARNINGS. See online help for details.
         c:\program files (x86)\windows kits\10\include\10.0.10240.0\ucrt\stdio.h(205): note: see declaration of 'fopen'
     1>d:\users\monst\desktop\shm-learn\local_machine_workspace\single_node_mnist\convnet\main.cpp(205): warning C4101: 'cudnnStatus_stat': unreferenced local variable
     1>d:\users\monst\desktop\shm-learn\local_machine_workspace\single_node_mnist\convnet\main.cpp(204): warning C4101: 'curandStatus_stat': unreferenced local variable
     1>d:\users\monst\desktop\shm-learn\local_machine_workspace\single_node_mnist\convnet\main.cpp(234): warning C4101: 'y_dist': unreferenced local variable
     1>d:\users\monst\desktop\shm-learn\local_machine_workspace\single_node_mnist\convnet\main.cpp(287): warning C4101: 'batch_verify': unreferenced local variable
         ConvLayer.cpp
         Generating Code...
       Link:
         C:\Program Files (x86)\Microsoft Visual Studio 14.0\VC\bin\x86_amd64\link.exe /ERRORREPORT:PROMPT /OUT:"D:\Users\monst\Desktop\SHM-Learn\local_machine_workspace\single_node_mnist\x64\Debug\ConvNet.exe" /INCREMENTAL /NOLOGO /LIBPATH:"C:\Program Files\NVIDIA GPU Computing Toolkit\CUDA\v8.0\lib\x64" /LIBPATH:"C:\Program Files\NVIDIA GPU Computing Toolkit\CUDA\v8.0\lib\x64" cudart.lib cudnn.lib cublas.lib curand.lib kernel32.lib user32.lib gdi32.lib winspool.lib comdlg32.lib advapi32.lib shell32.lib ole32.lib oleaut32.lib uuid.lib odbc32.lib odbccp32.lib /MANIFEST /MANIFESTUAC:"level='asInvoker' uiAccess='false'" /manifest:embed /DEBUG /PDB:"D:\Users\monst\Desktop\SHM-Learn\local_machine_workspace\single_node_mnist\x64\Debug\ConvNet.pdb" /SUBSYSTEM:CONSOLE /TLBID:1 /DYNAMICBASE /NXCOMPAT /IMPLIB:"D:\Users\monst\Desktop\SHM-Learn\local_machine_workspace\single_node_mnist\x64\Debug\ConvNet.lib" /MACHINE:X64 x64\Debug\ConvLayer.cu.obj
         x64\Debug\FCLayer.cu.obj
         x64\Debug\ConvLayer.obj
         x64\Debug\main.obj
         x64\Debug\FCLayer.obj
         ConvNet.vcxproj -> D:\Users\monst\Desktop\SHM-Learn\local_machine_workspace\single_node_mnist\x64\Debug\ConvNet.exe
         ConvNet.vcxproj -> D:\Users\monst\Desktop\SHM-Learn\local_machine_workspace\single_node_mnist\x64\Debug\ConvNet.pdb (Full PDB)
       FinalizeBuildStatus:
         Deleting file "x64\Debug\ConvNet.tlog\unsuccessfulbuild".
         Touching "x64\Debug\ConvNet.tlog\ConvNet.lastbuildstate".
     1>Done Building Project "D:\Users\monst\Desktop\SHM-Learn\local_machine_workspace\single_node_mnist\ConvNet\ConvNet.vcxproj" (Rebuild target(s)).

Build succeeded.

Time Elapsed 00:00:14.41
