d:\users\monst\desktop\shm-learn\local_machine_workspace\single_node_cifar10_classified\x64\debug\convnet.bsc
d:\users\monst\desktop\shm-learn\local_machine_workspace\single_node_cifar10_classified\convnet\x64\debug\vc140.pdb
d:\users\monst\desktop\shm-learn\local_machine_workspace\single_node_cifar10_classified\convnet\x64\debug\vc140.idb
d:\users\monst\desktop\shm-learn\local_machine_workspace\single_node_cifar10_classified\convnet\x64\debug\shmatrix.sbr
d:\users\monst\desktop\shm-learn\local_machine_workspace\single_node_cifar10_classified\convnet\x64\debug\fclayer.sbr
d:\users\monst\desktop\shm-learn\local_machine_workspace\single_node_cifar10_classified\convnet\x64\debug\main.sbr
d:\users\monst\desktop\shm-learn\local_machine_workspace\single_node_cifar10_classified\convnet\x64\debug\layer.sbr
d:\users\monst\desktop\shm-learn\local_machine_workspace\single_node_cifar10_classified\convnet\x64\debug\convlayer.sbr
d:\users\monst\desktop\shm-learn\local_machine_workspace\single_node_cifar10_classified\convnet\x64\debug\convlayer.obj
d:\users\monst\desktop\shm-learn\local_machine_workspace\single_node_cifar10_classified\convnet\x64\debug\main.obj
d:\users\monst\desktop\shm-learn\local_machine_workspace\single_node_cifar10_classified\convnet\x64\debug\fclayer.obj
d:\users\monst\desktop\shm-learn\local_machine_workspace\single_node_cifar10_classified\convnet\x64\debug\layer.obj
d:\users\monst\desktop\shm-learn\local_machine_workspace\single_node_cifar10_classified\convnet\x64\debug\shmatrix.obj
d:\users\monst\desktop\shm-learn\local_machine_workspace\single_node_cifar10_classified\x64\debug\convnet.ilk
d:\users\monst\desktop\shm-learn\local_machine_workspace\single_node_cifar10_classified\x64\debug\convnet.exe
d:\users\monst\desktop\shm-learn\local_machine_workspace\single_node_cifar10_classified\x64\debug\convnet.pdb
d:\users\monst\desktop\shm-learn\local_machine_workspace\single_node_cifar10_classified\convnet\x64\debug\convlayer.cu.cache
d:\users\monst\desktop\shm-learn\local_machine_workspace\single_node_cifar10_classified\convnet\x64\debug\fclayer.cu.cache
d:\users\monst\desktop\shm-learn\local_machine_workspace\single_node_cifar10_classified\convnet\x64\debug\shmatrix.cu.cache
d:\users\monst\desktop\shm-learn\local_machine_workspace\single_node_cifar10_classified\convnet\x64\debug\convlayer.cu.obj
d:\users\monst\desktop\shm-learn\local_machine_workspace\single_node_cifar10_classified\convnet\x64\debug\fclayer.cu.obj
d:\users\monst\desktop\shm-learn\local_machine_workspace\single_node_cifar10_classified\convnet\x64\debug\shmatrix.cu.obj
d:\users\monst\desktop\shm-learn\local_machine_workspace\single_node_cifar10_classified\convnet\x64\debug\convnet.tlog\bscmake.command.1.tlog
d:\users\monst\desktop\shm-learn\local_machine_workspace\single_node_cifar10_classified\convnet\x64\debug\convnet.tlog\bscmake.read.1.tlog
d:\users\monst\desktop\shm-learn\local_machine_workspace\single_node_cifar10_classified\convnet\x64\debug\convnet.tlog\bscmake.write.1.tlog
d:\users\monst\desktop\shm-learn\local_machine_workspace\single_node_cifar10_classified\convnet\x64\debug\convnet.tlog\cl.command.1.tlog
d:\users\monst\desktop\shm-learn\local_machine_workspace\single_node_cifar10_classified\convnet\x64\debug\convnet.tlog\cl.read.1.tlog
d:\users\monst\desktop\shm-learn\local_machine_workspace\single_node_cifar10_classified\convnet\x64\debug\convnet.tlog\cl.write.1.tlog
d:\users\monst\desktop\shm-learn\local_machine_workspace\single_node_cifar10_classified\convnet\x64\debug\convnet.tlog\link-cvtres.read.1.tlog
d:\users\monst\desktop\shm-learn\local_machine_workspace\single_node_cifar10_classified\convnet\x64\debug\convnet.tlog\link-cvtres.write.1.tlog
d:\users\monst\desktop\shm-learn\local_machine_workspace\single_node_cifar10_classified\convnet\x64\debug\convnet.tlog\link-rc.read.1.tlog
d:\users\monst\desktop\shm-learn\local_machine_workspace\single_node_cifar10_classified\convnet\x64\debug\convnet.tlog\link-rc.write.1.tlog
d:\users\monst\desktop\shm-learn\local_machine_workspace\single_node_cifar10_classified\convnet\x64\debug\convnet.tlog\link.16472-cvtres.read.1.tlog
d:\users\monst\desktop\shm-learn\local_machine_workspace\single_node_cifar10_classified\convnet\x64\debug\convnet.tlog\link.16472-cvtres.write.1.tlog
d:\users\monst\desktop\shm-learn\local_machine_workspace\single_node_cifar10_classified\convnet\x64\debug\convnet.tlog\link.16472-rc.read.1.tlog
d:\users\monst\desktop\shm-learn\local_machine_workspace\single_node_cifar10_classified\convnet\x64\debug\convnet.tlog\link.16472-rc.write.1.tlog
d:\users\monst\desktop\shm-learn\local_machine_workspace\single_node_cifar10_classified\convnet\x64\debug\convnet.tlog\link.16472.read.1.tlog
d:\users\monst\desktop\shm-learn\local_machine_workspace\single_node_cifar10_classified\convnet\x64\debug\convnet.tlog\link.16472.write.1.tlog
d:\users\monst\desktop\shm-learn\local_machine_workspace\single_node_cifar10_classified\convnet\x64\debug\convnet.tlog\link.command.1.tlog
d:\users\monst\desktop\shm-learn\local_machine_workspace\single_node_cifar10_classified\convnet\x64\debug\convnet.tlog\link.read.1.tlog
d:\users\monst\desktop\shm-learn\local_machine_workspace\single_node_cifar10_classified\convnet\x64\debug\convnet.tlog\link.write.1.tlog
