Build started 6/13/2017 2:57:50 PM.
     1>Project "D:\Users\monst\Desktop\SHM-Learn\local_machine_workspace\single_node_cifar10_CLASSified\ConvNet\ConvNet.vcxproj" on node 2 (Build target(s)).
     1>InitializeBuildStatus:
         Touching "x64\Debug\ConvNet.tlog\unsuccessfulbuild".
       AddCudaCompileDeps:
       Skipping target "AddCudaCompileDeps" because all output files are up-to-date with respect to the input files.
       AddCudaCompileDeps:
       Skipping target "AddCudaCompileDeps" because all output files are up-to-date with respect to the input files.
       AddCudaCompileDeps:
       Skipping target "AddCudaCompileDeps" because all output files are up-to-date with respect to the input files.
       AddCudaCompilePropsDeps:
       Skipping target "AddCudaCompilePropsDeps" because all output files are up-to-date with respect to the input files.
       AddCudaCompilePropsDeps:
       Skipping target "AddCudaCompilePropsDeps" because all output files are up-to-date with respect to the input files.
       AddCudaCompilePropsDeps:
       Skipping target "AddCudaCompilePropsDeps" because all output files are up-to-date with respect to the input files.
     1>Project "D:\Users\monst\Desktop\SHM-Learn\local_machine_workspace\single_node_cifar10_CLASSified\ConvNet\ConvNet.vcxproj" (1) is building "D:\Users\monst\Desktop\SHM-Learn\local_machine_workspace\single_node_cifar10_CLASSified\ConvNet\ConvNet.vcxproj" (1:2) on node 2 (CudaBuildCore target(s)).
     1>CudaBuildCore:
       Skipping target "CudaBuildCore" because all output files are up-to-date with respect to the input files.
     1>Done Building Project "D:\Users\monst\Desktop\SHM-Learn\local_machine_workspace\single_node_cifar10_CLASSified\ConvNet\ConvNet.vcxproj" (CudaBuildCore target(s)).
     1>Project "D:\Users\monst\Desktop\SHM-Learn\local_machine_workspace\single_node_cifar10_CLASSified\ConvNet\ConvNet.vcxproj" (1) is building "D:\Users\monst\Desktop\SHM-Learn\local_machine_workspace\single_node_cifar10_CLASSified\ConvNet\ConvNet.vcxproj" (1:3) on node 3 (CudaBuildCore target(s)).
     1>CudaBuildCore:
       Skipping target "CudaBuildCore" because all output files are up-to-date with respect to the input files.
     1>Done Building Project "D:\Users\monst\Desktop\SHM-Learn\local_machine_workspace\single_node_cifar10_CLASSified\ConvNet\ConvNet.vcxproj" (CudaBuildCore target(s)).
     1>Project "D:\Users\monst\Desktop\SHM-Learn\local_machine_workspace\single_node_cifar10_CLASSified\ConvNet\ConvNet.vcxproj" (1) is building "D:\Users\monst\Desktop\SHM-Learn\local_machine_workspace\single_node_cifar10_CLASSified\ConvNet\ConvNet.vcxproj" (1:4) on node 1 (CudaBuildCore target(s)).
     1>CudaBuildCore:
       Skipping target "CudaBuildCore" because all output files are up-to-date with respect to the input files.
     1>Done Building Project "D:\Users\monst\Desktop\SHM-Learn\local_machine_workspace\single_node_cifar10_CLASSified\ConvNet\ConvNet.vcxproj" (CudaBuildCore target(s)).
     1>ClCompile:
         All outputs are up-to-date.
       Link:
         C:\Program Files (x86)\Microsoft Visual Studio 14.0\VC\bin\x86_amd64\link.exe /ERRORREPORT:PROMPT /OUT:"D:\Users\monst\Desktop\SHM-Learn\local_machine_workspace\single_node_cifar10_CLASSified\x64\Debug\ConvNet.exe" /INCREMENTAL /NOLOGO /LIBPATH:"C:\Program Files (x86)\Microsoft Visual Studio 14.0\VC\lib\amd64" /LIBPATH:"C:\Program Files\NVIDIA GPU Computing Toolkit\CUDA\v8.0\lib\x64" /LIBPATH:"C:\Program Files\NVIDIA GPU Computing Toolkit\CUDA\v8.0\lib\x64" opencv_world320.lib opencv_world320d.lib cudart.lib cudnn.lib cublas.lib curand.lib kernel32.lib user32.lib gdi32.lib winspool.lib comdlg32.lib advapi32.lib shell32.lib ole32.lib oleaut32.lib uuid.lib odbc32.lib odbccp32.lib /MANIFEST /MANIFESTUAC:"level='asInvoker' uiAccess='false'" /manifest:embed /DEBUG /PDB:"D:\Users\monst\Desktop\SHM-Learn\local_machine_workspace\single_node_cifar10_CLASSified\x64\Debug\ConvNet.pdb" /SUBSYSTEM:CONSOLE /TLBID:1 /DYNAMICBASE /NXCOMPAT /IMPLIB:"D:\Users\monst\Desktop\SHM-Learn\local_machine_workspace\single_node_cifar10_CLASSified\x64\Debug\ConvNet.lib" /MACHINE:X64 x64\Debug\ConvLayer.cu.obj
         x64\Debug\FCLayer.cu.obj
         x64\Debug\SHMatrix.cu.obj
         x64\Debug\ConvLayer.obj
         x64\Debug\Layer.obj
         x64\Debug\main.obj
         x64\Debug\FCLayer.obj
         x64\Debug\SHMatrix.obj
         LINK : D:\Users\monst\Desktop\SHM-Learn\local_machine_workspace\single_node_cifar10_CLASSified\x64\Debug\ConvNet.exe not found or not built by the last incremental link; performing full link
         ConvNet.vcxproj -> D:\Users\monst\Desktop\SHM-Learn\local_machine_workspace\single_node_cifar10_CLASSified\x64\Debug\ConvNet.exe
         ConvNet.vcxproj -> D:\Users\monst\Desktop\SHM-Learn\local_machine_workspace\single_node_cifar10_CLASSified\x64\Debug\ConvNet.pdb (Full PDB)
       BscMake:
         C:\Program Files (x86)\Microsoft Visual Studio 14.0\VC\bin\bscmake.exe /nologo /o"D:\Users\monst\Desktop\SHM-Learn\local_machine_workspace\single_node_cifar10_CLASSified\x64\Debug\ConvNet.bsc" /n x64\Debug\ConvLayer.sbr x64\Debug\Layer.sbr x64\Debug\main.sbr x64\Debug\FCLayer.sbr x64\Debug\SHMatrix.sbr
       FinalizeBuildStatus:
         Deleting file "x64\Debug\ConvNet.tlog\unsuccessfulbuild".
         Touching "x64\Debug\ConvNet.tlog\ConvNet.lastbuildstate".
     1>Done Building Project "D:\Users\monst\Desktop\SHM-Learn\local_machine_workspace\single_node_cifar10_CLASSified\ConvNet\ConvNet.vcxproj" (Build target(s)).

Build succeeded.

Time Elapsed 00:00:02.24
