c:\users\monst\desktop\thesis\codes\gpu codes\convnet_iter_2 (on new machine)\convnet\x64\debug\vc140.pdb
c:\users\monst\desktop\thesis\codes\gpu codes\convnet_iter_2 (on new machine)\convnet\x64\debug\vc140.idb
c:\users\monst\desktop\thesis\codes\gpu codes\convnet_iter_2 (on new machine)\convnet\x64\debug\convlayer.obj
c:\users\monst\desktop\thesis\codes\gpu codes\convnet_iter_2 (on new machine)\convnet\x64\debug\convnet.obj
c:\users\monst\desktop\thesis\codes\gpu codes\convnet_iter_2 (on new machine)\convnet\x64\debug\fclayer.obj
c:\users\monst\desktop\thesis\codes\gpu codes\convnet_iter_2 (on new machine)\x64\debug\convnet.ilk
c:\users\monst\desktop\thesis\codes\gpu codes\convnet_iter_2 (on new machine)\x64\debug\convnet.exe
c:\users\monst\desktop\thesis\codes\gpu codes\convnet_iter_2 (on new machine)\x64\debug\convnet.pdb
c:\users\monst\desktop\thesis\codes\gpu codes\convnet_iter_2 (on new machine)\convnet\x64\debug\convlayer.cu.cache
c:\users\monst\desktop\thesis\codes\gpu codes\convnet_iter_2 (on new machine)\convnet\x64\debug\fclayer.cu.cache
c:\users\monst\desktop\thesis\codes\gpu codes\convnet_iter_2 (on new machine)\convnet\x64\debug\sample.cu.cache
c:\users\monst\desktop\thesis\codes\gpu codes\convnet_iter_2 (on new machine)\convnet\x64\debug\convlayer.cu.obj
c:\users\monst\desktop\thesis\codes\gpu codes\convnet_iter_2 (on new machine)\convnet\x64\debug\fclayer.cu.obj
c:\users\monst\desktop\thesis\codes\gpu codes\convnet_iter_2 (on new machine)\convnet\x64\debug\sample.cu.obj
c:\users\monst\desktop\thesis\codes\gpu codes\convnet_iter_2 (on new machine)\convnet\x64\debug\convnet.obj.enc
c:\users\monst\desktop\thesis\codes\gpu codes\convnet_iter_2 (on new machine)\convnet\x64\debug\fclayer.obj.enc
c:\users\monst\desktop\thesis\codes\gpu codes\convnet_iter_2 (on new machine)\convnet\x64\debug\convnet.tlog\cl.command.1.tlog
c:\users\monst\desktop\thesis\codes\gpu codes\convnet_iter_2 (on new machine)\convnet\x64\debug\convnet.tlog\cl.read.1.tlog
c:\users\monst\desktop\thesis\codes\gpu codes\convnet_iter_2 (on new machine)\convnet\x64\debug\convnet.tlog\cl.write.1.tlog
c:\users\monst\desktop\thesis\codes\gpu codes\convnet_iter_2 (on new machine)\convnet\x64\debug\convnet.tlog\link.command.1.tlog
c:\users\monst\desktop\thesis\codes\gpu codes\convnet_iter_2 (on new machine)\convnet\x64\debug\convnet.tlog\link.read.1.tlog
c:\users\monst\desktop\thesis\codes\gpu codes\convnet_iter_2 (on new machine)\convnet\x64\debug\convnet.tlog\link.write.1.tlog
