Build started 5/6/2017 4:41:34 PM.
     1>Project "D:\Users\monst\Desktop\SHM-Learn\local_machine_workspace\single_node_cifar10\ConvNet\ConvNet.vcxproj" on node 2 (Build target(s)).
     1>InitializeBuildStatus:
         Creating "x64\Debug\ConvNet.tlog\unsuccessfulbuild" because "AlwaysCreate" was specified.
       AddCudaCompileDeps:
         C:\Program Files (x86)\Microsoft Visual Studio 14.0\VC\bin\x86_amd64\cl.exe /E /nologo /showIncludes /TP /D__CUDACC__ /D_DEBUG /D_CONSOLE /D_UNICODE /DUNICODE /I"C:\Program Files\NVIDIA GPU Computing Toolkit\CUDA\v8.0\include" /I"C:\Program Files\NVIDIA GPU Computing Toolkit\CUDA\v8.0\bin" /I"C:\Program Files\NVIDIA GPU Computing Toolkit\CUDA\v8.0\include" /I. /FIcuda_runtime.h /c D:\Users\monst\Desktop\SHM-Learn\local_machine_workspace\single_node_cifar10\ConvNet\ConvLayer.cu 
       AddCudaCompileDeps:
         C:\Program Files (x86)\Microsoft Visual Studio 14.0\VC\bin\x86_amd64\cl.exe /E /nologo /showIncludes /TP /D__CUDACC__ /D_DEBUG /D_CONSOLE /D_UNICODE /DUNICODE /I"C:\Program Files\NVIDIA GPU Computing Toolkit\CUDA\v8.0\include" /I"C:\Program Files\NVIDIA GPU Computing Toolkit\CUDA\v8.0\bin" /I"C:\Program Files\NVIDIA GPU Computing Toolkit\CUDA\v8.0\include" /I. /FIcuda_runtime.h /c D:\Users\monst\Desktop\SHM-Learn\local_machine_workspace\single_node_cifar10\ConvNet\FCLayer.cu 
     1>Project "D:\Users\monst\Desktop\SHM-Learn\local_machine_workspace\single_node_cifar10\ConvNet\ConvNet.vcxproj" (1) is building "D:\Users\monst\Desktop\SHM-Learn\local_machine_workspace\single_node_cifar10\ConvNet\ConvNet.vcxproj" (1:2) on node 2 (CudaBuildCore target(s)).
     1>CudaBuildCore:
         Compiling CUDA source file ConvLayer.cu...
     1>Project "D:\Users\monst\Desktop\SHM-Learn\local_machine_workspace\single_node_cifar10\ConvNet\ConvNet.vcxproj" (1) is building "D:\Users\monst\Desktop\SHM-Learn\local_machine_workspace\single_node_cifar10\ConvNet\ConvNet.vcxproj" (1:3) on node 1 (CudaBuildCore target(s)).
     1>CudaBuildCore:
         Compiling CUDA source file FCLayer.cu...
     1>CudaBuildCore:
         cmd.exe /C "C:\Users\monst\AppData\Local\Temp\tmp6e4a05d8ef03417080f523b971b67bc4.cmd"
         "C:\Program Files\NVIDIA GPU Computing Toolkit\CUDA\v8.0\bin\nvcc.exe" -gencode=arch=compute_20,code=\"sm_20,compute_20\" --use-local-env --cl-version 2015 -ccbin "C:\Program Files (x86)\Microsoft Visual Studio 14.0\VC\bin\x86_amd64"  -I"C:\Program Files\NVIDIA GPU Computing Toolkit\CUDA\v8.0\include" -I"C:\Program Files\NVIDIA GPU Computing Toolkit\CUDA\v8.0\include"  -G   --keep-dir x64\Debug -maxrregcount=0  --machine 64 --compile -cudart static  -g   -D_DEBUG -D_CONSOLE -D_UNICODE -DUNICODE -Xcompiler "/EHsc /W3 /nologo /Od /FS /Zi /RTC1 /MDd " -o x64\Debug\ConvLayer.cu.obj "D:\Users\monst\Desktop\SHM-Learn\local_machine_workspace\single_node_cifar10\ConvNet\ConvLayer.cu"
         
         D:\Users\monst\Desktop\SHM-Learn\local_machine_workspace\single_node_cifar10\ConvNet>"C:\Program Files\NVIDIA GPU Computing Toolkit\CUDA\v8.0\bin\nvcc.exe" -gencode=arch=compute_20,code=\"sm_20,compute_20\" --use-local-env --cl-version 2015 -ccbin "C:\Program Files (x86)\Microsoft Visual Studio 14.0\VC\bin\x86_amd64"  -I"C:\Program Files\NVIDIA GPU Computing Toolkit\CUDA\v8.0\include" -I"C:\Program Files\NVIDIA GPU Computing Toolkit\CUDA\v8.0\include"  -G   --keep-dir x64\Debug -maxrregcount=0  --machine 64 --compile -cudart static  -g   -D_DEBUG -D_CONSOLE -D_UNICODE -DUNICODE -Xcompiler "/EHsc /W3 /nologo /Od /FS /Zi /RTC1 /MDd " -o x64\Debug\ConvLayer.cu.obj "D:\Users\monst\Desktop\SHM-Learn\local_machine_workspace\single_node_cifar10\ConvNet\ConvLayer.cu" 
     1>CudaBuildCore:
         cmd.exe /C "C:\Users\monst\AppData\Local\Temp\tmpf6a0d892824d4f26a3dc8cc920441981.cmd"
         "C:\Program Files\NVIDIA GPU Computing Toolkit\CUDA\v8.0\bin\nvcc.exe" -gencode=arch=compute_20,code=\"sm_20,compute_20\" --use-local-env --cl-version 2015 -ccbin "C:\Program Files (x86)\Microsoft Visual Studio 14.0\VC\bin\x86_amd64"  -I"C:\Program Files\NVIDIA GPU Computing Toolkit\CUDA\v8.0\include" -I"C:\Program Files\NVIDIA GPU Computing Toolkit\CUDA\v8.0\include"  -G   --keep-dir x64\Debug -maxrregcount=0  --machine 64 --compile -cudart static  -g   -D_DEBUG -D_CONSOLE -D_UNICODE -DUNICODE -Xcompiler "/EHsc /W3 /nologo /Od /FS /Zi /RTC1 /MDd " -o x64\Debug\FCLayer.cu.obj "D:\Users\monst\Desktop\SHM-Learn\local_machine_workspace\single_node_cifar10\ConvNet\FCLayer.cu"
         
         D:\Users\monst\Desktop\SHM-Learn\local_machine_workspace\single_node_cifar10\ConvNet>"C:\Program Files\NVIDIA GPU Computing Toolkit\CUDA\v8.0\bin\nvcc.exe" -gencode=arch=compute_20,code=\"sm_20,compute_20\" --use-local-env --cl-version 2015 -ccbin "C:\Program Files (x86)\Microsoft Visual Studio 14.0\VC\bin\x86_amd64"  -I"C:\Program Files\NVIDIA GPU Computing Toolkit\CUDA\v8.0\include" -I"C:\Program Files\NVIDIA GPU Computing Toolkit\CUDA\v8.0\include"  -G   --keep-dir x64\Debug -maxrregcount=0  --machine 64 --compile -cudart static  -g   -D_DEBUG -D_CONSOLE -D_UNICODE -DUNICODE -Xcompiler "/EHsc /W3 /nologo /Od /FS /Zi /RTC1 /MDd " -o x64\Debug\FCLayer.cu.obj "D:\Users\monst\Desktop\SHM-Learn\local_machine_workspace\single_node_cifar10\ConvNet\FCLayer.cu" 
     1>CUDACOMPILE : nvcc warning : The 'compute_20', 'sm_20', and 'sm_21' architectures are deprecated, and may be removed in a future release (Use -Wno-deprecated-gpu-targets to suppress warning).
         ConvLayer.cu
     1>CUDACOMPILE : nvcc warning : The 'compute_20', 'sm_20', and 'sm_21' architectures are deprecated, and may be removed in a future release (Use -Wno-deprecated-gpu-targets to suppress warning).
         FCLayer.cu
     1>D:/Users/monst/Desktop/SHM-Learn/local_machine_workspace/single_node_cifar10/ConvNet/ConvLayer.cu(5): warning C4244: 'return': conversion from 'float' to 'int', possible loss of data
     1>D:/Users/monst/Desktop/SHM-Learn/local_machine_workspace/single_node_cifar10/ConvNet/ConvLayer.cu(25): warning C4244: 'argument': conversion from 'int' to 'float', possible loss of data
     1>D:/Users/monst/Desktop/SHM-Learn/local_machine_workspace/single_node_cifar10/ConvNet/ConvLayer.cu(33): warning C4244: 'argument': conversion from 'int' to 'float', possible loss of data
     1>D:/Users/monst/Desktop/SHM-Learn/local_machine_workspace/single_node_cifar10/ConvNet/FCLayer.cu(36): warning C4244: 'return': conversion from 'float' to 'int', possible loss of data
     1>D:/Users/monst/Desktop/SHM-Learn/local_machine_workspace/single_node_cifar10/ConvNet/FCLayer.cu(245): warning C4244: 'argument': conversion from 'int' to 'float', possible loss of data
     1>D:/Users/monst/Desktop/SHM-Learn/local_machine_workspace/single_node_cifar10/ConvNet/FCLayer.cu(246): warning C4244: 'argument': conversion from 'int' to 'float', possible loss of data
     1>D:/Users/monst/Desktop/SHM-Learn/local_machine_workspace/single_node_cifar10/ConvNet/FCLayer.cu(251): warning C4244: 'argument': conversion from 'int' to 'float', possible loss of data
     1>D:/Users/monst/Desktop/SHM-Learn/local_machine_workspace/single_node_cifar10/ConvNet/FCLayer.cu(252): warning C4244: 'argument': conversion from 'int' to 'float', possible loss of data
     1>D:/Users/monst/Desktop/SHM-Learn/local_machine_workspace/single_node_cifar10/ConvNet/FCLayer.cu(319): warning C4244: 'argument': conversion from 'int' to 'float', possible loss of data
     1>D:/Users/monst/Desktop/SHM-Learn/local_machine_workspace/single_node_cifar10/ConvNet/FCLayer.cu(320): warning C4244: 'argument': conversion from 'int' to 'float', possible loss of data
     1>D:/Users/monst/Desktop/SHM-Learn/local_machine_workspace/single_node_cifar10/ConvNet/FCLayer.cu(325): warning C4244: 'argument': conversion from 'int' to 'float', possible loss of data
     1>D:/Users/monst/Desktop/SHM-Learn/local_machine_workspace/single_node_cifar10/ConvNet/FCLayer.cu(326): warning C4244: 'argument': conversion from 'int' to 'float', possible loss of data
     1>D:/Users/monst/Desktop/SHM-Learn/local_machine_workspace/single_node_cifar10/ConvNet/FCLayer.cu(353): warning C4244: 'argument': conversion from 'int' to 'float', possible loss of data
     1>D:/Users/monst/Desktop/SHM-Learn/local_machine_workspace/single_node_cifar10/ConvNet/FCLayer.cu(360): warning C4244: 'argument': conversion from 'int' to 'float', possible loss of data
     1>D:/Users/monst/Desktop/SHM-Learn/local_machine_workspace/single_node_cifar10/ConvNet/FCLayer.cu(368): warning C4244: 'argument': conversion from 'int' to 'float', possible loss of data
     1>D:/Users/monst/Desktop/SHM-Learn/local_machine_workspace/single_node_cifar10/ConvNet/FCLayer.cu(376): warning C4244: 'argument': conversion from 'int' to 'float', possible loss of data
     1>D:/Users/monst/Desktop/SHM-Learn/local_machine_workspace/single_node_cifar10/ConvNet/FCLayer.cu(384): warning C4244: 'argument': conversion from 'int' to 'float', possible loss of data
     1>D:/Users/monst/Desktop/SHM-Learn/local_machine_workspace/single_node_cifar10/ConvNet/FCLayer.cu(392): warning C4244: 'argument': conversion from 'int' to 'float', possible loss of data
     1>D:/Users/monst/Desktop/SHM-Learn/local_machine_workspace/single_node_cifar10/ConvNet/FCLayer.cu(400): warning C4244: 'argument': conversion from 'int' to 'float', possible loss of data
     1>D:/Users/monst/Desktop/SHM-Learn/local_machine_workspace/single_node_cifar10/ConvNet/FCLayer.cu(413): warning C4244: 'argument': conversion from 'int' to 'float', possible loss of data
     1>D:/Users/monst/Desktop/SHM-Learn/local_machine_workspace/single_node_cifar10/ConvNet/FCLayer.cu(427): warning C4244: 'argument': conversion from 'int' to 'float', possible loss of data
     1>D:/Users/monst/Desktop/SHM-Learn/local_machine_workspace/single_node_cifar10/ConvNet/FCLayer.cu(443): warning C4244: 'argument': conversion from 'int' to 'float', possible loss of data
     1>D:/Users/monst/Desktop/SHM-Learn/local_machine_workspace/single_node_cifar10/ConvNet/FCLayer.cu(455): warning C4244: 'argument': conversion from 'int' to 'float', possible loss of data
     1>D:/Users/monst/Desktop/SHM-Learn/local_machine_workspace/single_node_cifar10/ConvNet/FCLayer.cu(467): warning C4244: 'argument': conversion from 'int' to 'float', possible loss of data
     1>Done Building Project "D:\Users\monst\Desktop\SHM-Learn\local_machine_workspace\single_node_cifar10\ConvNet\ConvNet.vcxproj" (CudaBuildCore target(s)).
     1>Done Building Project "D:\Users\monst\Desktop\SHM-Learn\local_machine_workspace\single_node_cifar10\ConvNet\ConvNet.vcxproj" (CudaBuildCore target(s)).
     1>ClCompile:
         C:\Program Files (x86)\Microsoft Visual Studio 14.0\VC\bin\x86_amd64\CL.exe /c /I"C:\Program Files\NVIDIA GPU Computing Toolkit\CUDA\v8.0\include" /ZI /nologo /W3 /WX- /Od /D _DEBUG /D _CONSOLE /D _UNICODE /D UNICODE /Gm /EHsc /RTC1 /MDd /GS /Qpar- /fp:precise /Zc:wchar_t /Zc:forScope /Zc:inline /openmp /Fo"x64\Debug\\" /Fd"x64\Debug\vc140.pdb" /Gd /TP /errorReport:prompt ConvLayer.cpp FCLayer.cpp main.cpp
         main.cpp
     1>d:\users\monst\desktop\shm-learn\local_machine_workspace\single_node_cifar10\convnet\fclayer.h(16): warning C4005: '__cudaSafeCall': macro redefinition
         d:\users\monst\desktop\shm-learn\local_machine_workspace\single_node_cifar10\convnet\convlayer.h(15): note: see previous definition of '__cudaSafeCall'
     1>d:\users\monst\desktop\shm-learn\local_machine_workspace\single_node_cifar10\convnet\fclayer.h(17): warning C4005: '__cudnnSafeCall': macro redefinition
         d:\users\monst\desktop\shm-learn\local_machine_workspace\single_node_cifar10\convnet\convlayer.h(16): note: see previous definition of '__cudnnSafeCall'
     1>d:\users\monst\desktop\shm-learn\local_machine_workspace\single_node_cifar10\convnet\fclayer.h(18): warning C4005: '__cublasSafeCall': macro redefinition
         d:\users\monst\desktop\shm-learn\local_machine_workspace\single_node_cifar10\convnet\convlayer.h(17): note: see previous definition of '__cublasSafeCall'
     1>d:\users\monst\desktop\shm-learn\local_machine_workspace\single_node_cifar10\convnet\fclayer.h(19): warning C4005: '__cudaCheckError': macro redefinition
         d:\users\monst\desktop\shm-learn\local_machine_workspace\single_node_cifar10\convnet\convlayer.h(18): note: see previous definition of '__cudaCheckError'
     1>d:\users\monst\desktop\shm-learn\local_machine_workspace\single_node_cifar10\convnet\fclayer.h(20): warning C4005: 'cublasGetErrorString': macro redefinition
         d:\users\monst\desktop\shm-learn\local_machine_workspace\single_node_cifar10\convnet\convlayer.h(19): note: see previous definition of 'cublasGetErrorString'
     1>d:\users\monst\desktop\shm-learn\local_machine_workspace\single_node_cifar10\convnet\main.cpp(157): warning C4101: 'start_idx': unreferenced local variable
     1>d:\users\monst\desktop\shm-learn\local_machine_workspace\single_node_cifar10\convnet\main.cpp(240): warning C4244: 'return': conversion from 'float' to 'int', possible loss of data
     1>d:\users\monst\desktop\shm-learn\local_machine_workspace\single_node_cifar10\convnet\main.cpp(369): warning C4305: 'argument': truncation from 'double' to 'float'
     1>d:\users\monst\desktop\shm-learn\local_machine_workspace\single_node_cifar10\convnet\main.cpp(376): warning C4305: 'argument': truncation from 'double' to 'float'
     1>d:\users\monst\desktop\shm-learn\local_machine_workspace\single_node_cifar10\convnet\main.cpp(382): warning C4305: 'argument': truncation from 'double' to 'float'
     1>d:\users\monst\desktop\shm-learn\local_machine_workspace\single_node_cifar10\convnet\main.cpp(388): warning C4305: 'argument': truncation from 'double' to 'float'
     1>d:\users\monst\desktop\shm-learn\local_machine_workspace\single_node_cifar10\convnet\main.cpp(322): warning C4996: 'fopen': This function or variable may be unsafe. Consider using fopen_s instead. To disable deprecation, use _CRT_SECURE_NO_WARNINGS. See online help for details.
         c:\program files (x86)\windows kits\10\include\10.0.10240.0\ucrt\stdio.h(205): note: see declaration of 'fopen'
     1>d:\users\monst\desktop\shm-learn\local_machine_workspace\single_node_cifar10\convnet\main.cpp(326): warning C4996: 'fopen': This function or variable may be unsafe. Consider using fopen_s instead. To disable deprecation, use _CRT_SECURE_NO_WARNINGS. See online help for details.
         c:\program files (x86)\windows kits\10\include\10.0.10240.0\ucrt\stdio.h(205): note: see declaration of 'fopen'
     1>d:\users\monst\desktop\shm-learn\local_machine_workspace\single_node_cifar10\convnet\main.cpp(447): warning C4996: 'fopen': This function or variable may be unsafe. Consider using fopen_s instead. To disable deprecation, use _CRT_SECURE_NO_WARNINGS. See online help for details.
         c:\program files (x86)\windows kits\10\include\10.0.10240.0\ucrt\stdio.h(205): note: see declaration of 'fopen'
     1>d:\users\monst\desktop\shm-learn\local_machine_workspace\single_node_cifar10\convnet\main.cpp(292): warning C4101: 'fcl1_wt_sum': unreferenced local variable
     1>d:\users\monst\desktop\shm-learn\local_machine_workspace\single_node_cifar10\convnet\main.cpp(293): warning C4101: 'fcl2_wt_sum': unreferenced local variable
     1>d:\users\monst\desktop\shm-learn\local_machine_workspace\single_node_cifar10\convnet\main.cpp(428): warning C4101: 'dur1_sft': unreferenced local variable
     1>d:\users\monst\desktop\shm-learn\local_machine_workspace\single_node_cifar10\convnet\main.cpp(274): warning C4101: 'cudnnStatus_stat': unreferenced local variable
     1>d:\users\monst\desktop\shm-learn\local_machine_workspace\single_node_cifar10\convnet\main.cpp(428): warning C4101: 'dur1_lyr': unreferenced local variable
     1>d:\users\monst\desktop\shm-learn\local_machine_workspace\single_node_cifar10\convnet\main.cpp(273): warning C4101: 'curandStatus_stat': unreferenced local variable
     1>d:\users\monst\desktop\shm-learn\local_machine_workspace\single_node_cifar10\convnet\main.cpp(418): warning C4101: 'batch_verify': unreferenced local variable
         FCLayer.cpp
     1>d:\users\monst\desktop\shm-learn\local_machine_workspace\single_node_cifar10\convnet\fclayer.cpp(115): warning C4244: '=': conversion from 'double' to 'int', possible loss of data
     1>d:\users\monst\desktop\shm-learn\local_machine_workspace\single_node_cifar10\convnet\fclayer.cpp(153): warning C4244: '=': conversion from 'double' to 'float', possible loss of data
     1>d:\users\monst\desktop\shm-learn\local_machine_workspace\single_node_cifar10\convnet\fclayer.cpp(376): warning C4244: '=': conversion from 'double' to 'float', possible loss of data
     1>d:\users\monst\desktop\shm-learn\local_machine_workspace\single_node_cifar10\convnet\fclayer.cpp(379): warning C4244: '=': conversion from 'double' to 'float', possible loss of data
         ConvLayer.cpp
     1>d:\users\monst\desktop\shm-learn\local_machine_workspace\single_node_cifar10\convnet\convlayer.cpp(247): warning C4244: 'initializing': conversion from 'double' to 'float', possible loss of data
         Generating Code...
     1>d:\users\monst\desktop\shm-learn\local_machine_workspace\single_node_cifar10\convnet\main.cpp(607): warning C4700: uninitialized local variable 'avg_dur' used
       Link:
         C:\Program Files (x86)\Microsoft Visual Studio 14.0\VC\bin\x86_amd64\link.exe /ERRORREPORT:PROMPT /OUT:"D:\Users\monst\Desktop\SHM-Learn\local_machine_workspace\single_node_cifar10\x64\Debug\ConvNet.exe" /INCREMENTAL /NOLOGO /LIBPATH:"C:\Program Files (x86)\Microsoft Visual Studio 14.0\VC\lib\amd64" /LIBPATH:"C:\Program Files\NVIDIA GPU Computing Toolkit\CUDA\v8.0\lib\x64" /LIBPATH:"C:\Program Files\NVIDIA GPU Computing Toolkit\CUDA\v8.0\lib\x64" opencv_world320.lib opencv_world320d.lib cudart.lib cudnn.lib cublas.lib curand.lib kernel32.lib user32.lib gdi32.lib winspool.lib comdlg32.lib advapi32.lib shell32.lib ole32.lib oleaut32.lib uuid.lib odbc32.lib odbccp32.lib /MANIFEST /MANIFESTUAC:"level='asInvoker' uiAccess='false'" /manifest:embed /DEBUG /PDB:"D:\Users\monst\Desktop\SHM-Learn\local_machine_workspace\single_node_cifar10\x64\Debug\ConvNet.pdb" /SUBSYSTEM:CONSOLE /TLBID:1 /DYNAMICBASE /NXCOMPAT /IMPLIB:"D:\Users\monst\Desktop\SHM-Learn\local_machine_workspace\single_node_cifar10\x64\Debug\ConvNet.lib" /MACHINE:X64 x64\Debug\ConvLayer.cu.obj
         x64\Debug\FCLayer.cu.obj
         x64\Debug\ConvLayer.obj
         x64\Debug\main.obj
         x64\Debug\FCLayer.obj
         ConvNet.vcxproj -> D:\Users\monst\Desktop\SHM-Learn\local_machine_workspace\single_node_cifar10\x64\Debug\ConvNet.exe
         ConvNet.vcxproj -> D:\Users\monst\Desktop\SHM-Learn\local_machine_workspace\single_node_cifar10\x64\Debug\ConvNet.pdb (Full PDB)
       FinalizeBuildStatus:
         Deleting file "x64\Debug\ConvNet.tlog\unsuccessfulbuild".
         Touching "x64\Debug\ConvNet.tlog\ConvNet.lastbuildstate".
     1>Done Building Project "D:\Users\monst\Desktop\SHM-Learn\local_machine_workspace\single_node_cifar10\ConvNet\ConvNet.vcxproj" (Build target(s)).

Build succeeded.

Time Elapsed 00:00:10.63
